<?xml version="1.0" encoding="UTF-8"?><testsuite name="nosetests" tests="1" errors="1" failures="0" skip="0"><testcase classname="nose.failure.Failure" name="runTest" time="0.000"><error type="exceptions.ImportError" message="No module named flask"><![CDATA[Traceback (most recent call last):
  File "/System/Library/Frameworks/Python.framework/Versions/2.7/lib/python2.7/unittest/case.py", line 331, in run
    testMethod()
  File "/Library/Python/2.7/site-packages/nose-1.3.7-py2.7.egg/nose/loader.py", line 418, in loadTestsFromName
    addr.filename, addr.module)
  File "/Library/Python/2.7/site-packages/nose-1.3.7-py2.7.egg/nose/importer.py", line 47, in importFromPath
    return self.importFromDir(dir_path, fqname)
  File "/Library/Python/2.7/site-packages/nose-1.3.7-py2.7.egg/nose/importer.py", line 94, in importFromDir
    mod = load_module(part_fqname, fh, filename, desc)
  File "/Users/astronomiccharacter/Desktop/throughmypain/throughmypain.com/test/test.py", line 7, in <module>
    import fsk
  File "../www/fsk.py", line 6, in <module>
    from flask import Flask, request, render_template, redirect, url_for, session, flash, make_response
ImportError: No module named flask
]]></error></testcase></testsuite>